<?xml version="1.0" encoding="UTF-8"?>
<testsuite xmlns:xsi="http://www.w3.org/2001/XMLSchema-instance" xsi:noNamespaceSchemaLocation="https://maven.apache.org/surefire/maven-surefire-plugin/xsd/surefire-test-report.xsd" name="ParseObjects.Expressions.BinaryExpressions.LessOrEqualExpressionTest" time="0.023" tests="2" errors="0" skipped="0" failures="0">
  <properties>
[...]
</properties>
  <testcase name="evaluate" classname="ParseObjects.Expressions.BinaryExpressions.LessOrEqualExpressionTest" time="0.023"/>
  <testcase name="evaluate" classname="ParseObjects.Expressions.BinaryExpressions.LessOrEqualExpressionTest" time="0.019"/>
</testsuite>